<?xml version="1.0" encoding="UTF-8"?>
<!-- Generated by org.testng.reporters.JUnitReportReporter -->
<testsuite hostname="DESKTOP-NR2FD1Q" failures="0" tests="1" name="saifulsahim.Appium.AppiumBasics" time="132.132" errors="0" timestamp="2024-09-03T12:56:28 BDT" skipped="0">
  <testcase classname="saifulsahim.Appium.AppiumBasics" name="ChalDalAutomation" time="132.132"/>
  <system-out/>
</testsuite> <!-- saifulsahim.Appium.AppiumBasics -->
