<?xml version="1.0" encoding="UTF-8"?>
<!-- Generated by org.testng.reporters.JUnitReportReporter -->
<testsuite hostname="DESKTOP-NR2FD1Q" failures="0" tests="1" name="saifulsahim.Appium.AppiumBasics" time="118.014" errors="0" timestamp="2024-09-03T13:35:56 BDT" skipped="0">
  <testcase classname="saifulsahim.Appium.AppiumBasics" name="ChalDalAutomation" time="118.014"/>
  <system-out/>
</testsuite> <!-- saifulsahim.Appium.AppiumBasics -->
